<?xml version="1.0" encoding="UTF-8"?>
<!-- Generated by org.testng.reporters.JUnitXMLReporter -->
<testsuite hostname="DESKTOP-0BR2GDR" failures="1" tests="2" name="Test" time="30.898" errors="0" timestamp="6 May 2019 19:16:46 GMT">
  <testcase classname="com.test.Home" name="getBrowser" time="12.208">
    <failure type="java.lang.AssertionError" message="passed expected [https://www.premierleague.com/matchweek/3296/blog] but found [https://users.premierleague.com/?redirect_uri=https://www.premierleague.com/&amp;amp;app=pl-web]">
      <![CDATA[java.lang.AssertionError: passed expected [https://www.premierleague.com/matchweek/3296/blog] but found [https://users.premierleague.com/?redirect_uri=https://www.premierleague.com/&app=pl-web]
	at com.test.Home.getBrowser(Home.java:34)
... Removed 28 stack frames]]>
    </failure>
  </testcase> <!-- getBrowser -->
  <testcase classname="com.test.Home" name="getBrowser" time="18.014"/>
</testsuite> <!-- Test -->
