<?xml version="1.0" encoding="UTF-8"?>
<!-- Generated by org.testng.reporters.JUnitXMLReporter -->
<testsuite hostname="DESKTOP-0BR2GDR" failures="1" tests="1" name="Test" time="30.963" errors="0" timestamp="7 May 2019 20:09:40 GMT">
  <testcase classname="com.testRunner.TRunner" name="feature" time="30.393">
    <failure type="cucumber.runtime.CucumberException" message="java.lang.AssertionError: passed expected [https://www.premierleague.com/?state=success] but found [https://users.premierleague.com/?redirect_uri=https://www.premierleague.com/&amp;amp;app=pl-web]">
      <![CDATA[cucumber.runtime.CucumberException: java.lang.AssertionError: passed expected [https://www.premierleague.com/?state=success] but found [https://users.premierleague.com/?redirect_uri=https://www.premierleague.com/&app=pl-web]
	at cucumber.api.testng.TestNGCucumberRunner.runCucumber(TestNGCucumberRunner.java:69)
	at cucumber.api.testng.AbstractTestNGCucumberTests.feature(AbstractTestNGCucumberTests.java:21)
	at org.apache.maven.surefire.testng.TestNGExecutor.run(TestNGExecutor.java:283)
	at org.apache.maven.surefire.testng.TestNGXmlTestSuite.execute(TestNGXmlTestSuite.java:75)
	at org.apache.maven.surefire.testng.TestNGProvider.invoke(TestNGProvider.java:120)
	at org.apache.maven.surefire.booter.ForkedBooter.invokeProviderInSameClassLoader(ForkedBooter.java:384)
	at org.apache.maven.surefire.booter.ForkedBooter.runSuitesInProcess(ForkedBooter.java:345)
	at org.apache.maven.surefire.booter.ForkedBooter.execute(ForkedBooter.java:126)
	at org.apache.maven.surefire.booter.ForkedBooter.main(ForkedBooter.java:418)
Caused by: java.lang.AssertionError: passed expected [https://www.premierleague.com/?state=success] but found [https://users.premierleague.com/?redirect_uri=https://www.premierleague.com/&app=pl-web]
	at com.stepsDef.StepDef.user_click_submit_button_and_appear_user_account_page_with_validation(StepDef.java:59)
	at ✽.And user click submit button and appear user account page with validation(C:/Users/palsa/eclipse-workspaceNew/PleagueFinal/src/main/resources/League.feature:10)
... Removed 25 stack frames]]>
    </failure>
  </testcase> <!-- feature -->
</testsuite> <!-- Test -->
