<?xml version="1.0" encoding="UTF-8"?>
<testsuite xmlns:xsi="http://www.w3.org/2001/XMLSchema-instance" xsi:noNamespaceSchemaLocation="https://maven.apache.org/surefire/maven-surefire-plugin/xsd/surefire-test-report-3.0.xsd" version="3.0" name="TestSuite" time="31.649" tests="1" errors="0" skipped="0" failures="1">
  <properties>
[...]
</properties>
  <testcase name="feature" classname="com.testRunner.TRunner" time="30.399">
    <failure message="java.lang.AssertionError: passed expected [https://www.premierleague.com/?state=success] but found [https://users.premierleague.com/?redirect_uri=https://www.premierleague.com/&amp;app=pl-web]" type="cucumber.runtime.CucumberException"><![CDATA[cucumber.runtime.CucumberException: java.lang.AssertionError: passed expected [https://www.premierleague.com/?state=success] but found [https://users.premierleague.com/?redirect_uri=https://www.premierleague.com/&app=pl-web]
Caused by: java.lang.AssertionError: passed expected [https://www.premierleague.com/?state=success] but found [https://users.premierleague.com/?redirect_uri=https://www.premierleague.com/&app=pl-web]
]]></failure>
    <system-out><![CDATA[https://users.premierleague.com/?redirect_uri=https://www.premierleague.com/&app=pl-web
https://www.premierleague.com/?state=success
13
    Position  Club  Played  Won  Drawn  Lost  GF  GA  GD  Points  Form  Next
TName1==	 Manchester City
TName2==	 Liverpool
TName3==	 Chelsea
TName4==	 Tottenham Hotspur
TName5==	 Arsenal
TName6==	 Manchester United
TName7==	 Wolverhampton Wanderers
TName8==	 Everton
TName9==	 Leicester City
TName10==	 Watford
TName11==	 West Ham United
TName12==	 Crystal Palace
TName13==	 Bournemouth
TName14==	 Newcastle United
TName15==	 Burnley
TName16==	 Southampton
TName17==	 Brighton and Hove Albion
TName18==	 Cardiff City
TName19==	 Fulham
TName20==	 Huddersfield Town
]]></system-out>
    <system-err><![CDATA[Starting ChromeDriver 74.0.3729.6 (255758eccf3d244491b8a1317aa76e1ce10d57e9-refs/branch-heads/3729@{#29}) on port 9991
Only local connections are allowed.
Please protect ports used by ChromeDriver and related test frameworks to prevent access by malicious code.
May 07, 2019 4:09:13 PM org.openqa.selenium.remote.ProtocolHandshake createSession
INFO: Detected dialect: OSS
Starting ChromeDriver 74.0.3729.6 (255758eccf3d244491b8a1317aa76e1ce10d57e9-refs/branch-heads/3729@{#29}) on port 18582
Only local connections are allowed.
Please protect ports used by ChromeDriver and related test frameworks to prevent access by malicious code.
May 07, 2019 4:09:25 PM org.openqa.selenium.remote.ProtocolHandshake createSession
INFO: Detected dialect: OSS
]]></system-err>
  </testcase>
</testsuite>