<?xml version="1.0" encoding="UTF-8"?>
<testng-results total="2" passed="2" failed="0" skipped="0">
  <reporter-output>
  </reporter-output>
  <suite started-at="2019-05-05T02:58:05Z" name="Suite" finished-at="2019-05-05T02:58:28Z" duration-ms="23277">
    <groups>
    </groups>
    <test started-at="2019-05-05T02:58:05Z" name="Test" finished-at="2019-05-05T02:58:28Z" duration-ms="23277">
      <class name="com.test.Home">
        <test-method signature="getBrowser()[pri:0, instance:com.test.Home@28701274]" started-at="2019-05-04T19:58:11Z" name="getBrowser" finished-at="2019-05-04T19:58:28Z" duration-ms="16737" status="PASS">
          <reporter-output>
          </reporter-output>
        </test-method> <!-- getBrowser -->
      </class> <!-- com.test.Home -->
      <class name="com.validation.UrlValidation">
        <test-method signature="valid()[pri:0, instance:com.validation.UrlValidation@443118b0]" started-at="2019-05-04T19:58:05Z" name="valid" finished-at="2019-05-04T19:58:11Z" duration-ms="6521" status="PASS">
          <reporter-output>
          </reporter-output>
        </test-method> <!-- valid -->
      </class> <!-- com.validation.UrlValidation -->
    </test> <!-- Test -->
  </suite> <!-- Suite -->
</testng-results>
