<?xml version="1.0" encoding="UTF-8"?>
<testsuite xmlns:xsi="http://www.w3.org/2001/XMLSchema-instance" xsi:noNamespaceSchemaLocation="https://maven.apache.org/surefire/maven-surefire-plugin/xsd/surefire-test-report-3.0.xsd" version="3.0" name="TestSuite" time="30.646" tests="2" errors="0" skipped="0" failures="1">
  <properties>
[...]
</properties>
  <testcase name="getBrowser" classname="com.test.Home" time="11.038">
    <failure message="passed expected [https://www.premierleague.com/matchweek/3296/blog] but found [https://users.premierleague.com/?redirect_uri=https://www.premierleague.com/&amp;app=pl-web]" type="java.lang.AssertionError"><![CDATA[java.lang.AssertionError: passed expected [https://www.premierleague.com/matchweek/3296/blog] but found [https://users.premierleague.com/?redirect_uri=https://www.premierleague.com/&app=pl-web]
	at com.test.Home.getBrowser(Home.java:34)
]]></failure>
    <system-out><![CDATA[https://users.premierleague.com/?redirect_uri=https://www.premierleague.com/&app=pl-web
]]></system-out>
    <system-err><![CDATA[Starting ChromeDriver 74.0.3729.6 (255758eccf3d244491b8a1317aa76e1ce10d57e9-refs/branch-heads/3729@{#29}) on port 25405
Only local connections are allowed.
Please protect ports used by ChromeDriver and related test frameworks to prevent access by malicious code.
May 06, 2019 1:00:14 PM org.openqa.selenium.remote.ProtocolHandshake createSession
INFO: Detected dialect: OSS
]]></system-err>
  </testcase>
  <testcase name="getBrowser" classname="com.test.Home" time="18.138"/>
</testsuite>